<?xml version="1.0" encoding="utf-8"?><testsuites name="pytest tests"><testsuite name="pytest" errors="0" failures="0" skipped="0" tests="10" time="33.535" timestamp="2026-06-23T22:51:02.117998+00:00" hostname="agent-env-1d962019-2835-465b-a582-49238b9b5b01"><testcase classname="backend.tests.test_ylrk_api" name="test_root" time="0.228" /><testcase classname="backend.tests.test_ylrk_api" name="test_chat_de" time="4.700" /><testcase classname="backend.tests.test_ylrk_api" name="test_chat_en" time="3.694" /><testcase classname="backend.tests.test_ylrk_api" name="test_chat_empty_messages" time="0.044" /><testcase classname="backend.tests.test_ylrk_api" name="test_chat_advanced" time="15.284" /><testcase classname="backend.tests.test_ylrk_api" name="test_chat_advanced_empty" time="0.042" /><testcase classname="backend.tests.test_ylrk_api" name="test_generate_image" time="9.253" /><testcase classname="backend.tests.test_ylrk_api" name="test_generate_image_empty_prompt" time="0.044" /><testcase classname="backend.tests.test_ylrk_api" name="test_create_and_list_inquiry" time="0.091" /><testcase classname="backend.tests.test_ylrk_api" name="test_create_inquiry_validation" time="0.042" /></testsuite></testsuites>